  BaseApp.cpp
c:\users\я\desktop\asd\pacman release\consolengine\performancecounter.h(35): warning C4244: return: преобразование "LONGLONG" в "int", возможна потеря данных
c:\users\я\desktop\asd\pacman release\consolengine\performancecounter.h(42): warning C4244: return: преобразование "LONGLONG" в "int", возможна потеря данных
c:\users\я\desktop\asd\pacman release\consolengine\baseapp.cpp(16): warning C4838: преобразование из "const int" в "SHORT" требует сужающего преобразования
c:\users\я\desktop\asd\pacman release\consolengine\baseapp.cpp(17): warning C4838: преобразование из "int" в "SHORT" требует сужающего преобразования
c:\users\я\desktop\asd\pacman release\consolengine\baseapp.cpp(97): warning C4996: 'kbhit': The POSIX name for this item is deprecated. Instead, use the ISO C and C++ conformant name: _kbhit. See online help for details.
  c:\program files (x86)\windows kits\10\include\10.0.10240.0\ucrt\conio.h(458): note:  см. объявление "kbhit"
c:\users\я\desktop\asd\pacman release\consolengine\baseapp.cpp(99): warning C4996: 'getch': The POSIX name for this item is deprecated. Instead, use the ISO C and C++ conformant name: _getch. See online help for details.
  c:\program files (x86)\windows kits\10\include\10.0.10240.0\ucrt\conio.h(452): note:  см. объявление "getch"
  BlueGhost.cpp
  Field.cpp
  Game.cpp
  Ghost.cpp
  MovableObject.cpp
  OrangeGhost.cpp
  Pacman.cpp
  PinkGhost.cpp
  RedGhost.cpp
  main.cpp
  Создание кода
  201 of 269 functions (74.7%) were compiled, the rest were copied from previous compilation.
    164 functions were new in current compilation
    18 functions had inline decision re-evaluated but remain unchanged
  Создание кода завершено
  ConsolEngine.vcxproj -> C:\Users\Я\Desktop\asd\pacman release\Release\ConsolEngine.exe
