C:\Program Files (x86)\Microsoft Visual Studio\2017\Community\Common7\IDE\VC\VCTargets\Microsoft.CppBuild.targets(391,5): warning MSB8028: промежуточный каталог (Release\) содержит файлы, которые используются совместно с другим проектом (ConsolEngine.vcxproj).  Это может привести к ошибкам очистки и перестроения.
  BaseApp.cpp
c:\users\я\desktop\asd\pacman_git\consolengine\performancecounter.hpp(33): warning C4244: return: преобразование "LONGLONG" в "int", возможна потеря данных
c:\users\я\desktop\asd\pacman_git\consolengine\performancecounter.hpp(40): warning C4244: return: преобразование "LONGLONG" в "int", возможна потеря данных
c:\users\я\desktop\asd\pacman_git\consolengine\baseapp.cpp(14): warning C4838: преобразование из "const int" в "SHORT" требует сужающего преобразования
c:\users\я\desktop\asd\pacman_git\consolengine\baseapp.cpp(15): warning C4838: преобразование из "int" в "SHORT" требует сужающего преобразования
c:\users\я\desktop\asd\pacman_git\consolengine\baseapp.cpp(93): warning C4996: 'kbhit': The POSIX name for this item is deprecated. Instead, use the ISO C and C++ conformant name: _kbhit. See online help for details.
  c:\program files (x86)\windows kits\10\include\10.0.10240.0\ucrt\conio.h(458): note:  см. объявление "kbhit"
c:\users\я\desktop\asd\pacman_git\consolengine\baseapp.cpp(95): warning C4996: 'getch': The POSIX name for this item is deprecated. Instead, use the ISO C and C++ conformant name: _getch. See online help for details.
  c:\program files (x86)\windows kits\10\include\10.0.10240.0\ucrt\conio.h(452): note:  см. объявление "getch"
  Field.cpp
  Ghost.cpp
  main.cpp
  movableObject.cpp
  Pacman.cpp
  Game.cpp
  Создание кода
  98 of 100 functions (98.0%) were compiled, the rest were copied from previous compilation.
    58 functions were new in current compilation
    0 functions had inline decision re-evaluated but remain unchanged
  Создание кода завершено
  ConsolEngine.vcxproj -> C:\Users\Я\Desktop\asd\pacman_git\Release\Pacman.exe
